2023-05-09 00:01:53.677 INFO  com.kj.mywiki.MyWikiApplication                   :51   [32m                  [0;39m Starting MyWikiApplication using Java 18.0.2.1 with PID 78081 (/Users/kc/Documents/GitHub/academic-projects/java_proj/myWiki/target/classes started by kc in /Users/kc/Documents/GitHub/academic-projects/java_proj/myWiki)
2023-05-09 00:01:53.678 INFO  com.kj.mywiki.MyWikiApplication                   :632  [32m                  [0;39m No active profile set, falling back to 1 default profile: "default"
2023-05-09 00:01:53.992 INFO  o.s.boot.web.embedded.tomcat.TomcatWebServer      :108  [32m                  [0;39m Tomcat initialized with port(s): 8080 (http)
2023-05-09 00:01:53.996 INFO  org.apache.coyote.http11.Http11NioProtocol        :173  [32m                  [0;39m Initializing ProtocolHandler ["http-nio-8080"]
2023-05-09 00:01:53.996 INFO  org.apache.catalina.core.StandardService          :173  [32m                  [0;39m Starting service [Tomcat]
2023-05-09 00:01:53.996 INFO  org.apache.catalina.core.StandardEngine           :173  [32m                  [0;39m Starting Servlet engine: [Apache Tomcat/10.1.8]
2023-05-09 00:01:54.037 INFO  o.a.c.core.ContainerBase.[Tomcat].[localhost].[/] :173  [32m                  [0;39m Initializing Spring embedded WebApplicationContext
2023-05-09 00:01:54.038 INFO  o.s.b.w.s.c.ServletWebServerApplicationContext    :291  [32m                  [0;39m Root WebApplicationContext: initialization completed in 343 ms
2023-05-09 00:01:54.156 INFO  org.apache.coyote.http11.Http11NioProtocol        :173  [32m                  [0;39m Starting ProtocolHandler ["http-nio-8080"]
2023-05-09 00:01:54.166 INFO  o.s.boot.web.embedded.tomcat.TomcatWebServer      :220  [32m                  [0;39m Tomcat started on port(s): 8080 (http) with context path ''
2023-05-09 00:01:54.175 INFO  com.kj.mywiki.MyWikiApplication                   :57   [32m                  [0;39m Started MyWikiApplication in 0.72 seconds (process running for 0.946)
2023-05-09 00:17:54.702 INFO  com.kj.mywiki.MyWikiApplication                   :51   [32m                  [0;39m Starting MyWikiApplication using Java 18.0.2.1 with PID 82153 (/Users/kc/Documents/GitHub/academic-projects/java_proj/myWiki/target/classes started by kc in /Users/kc/Documents/GitHub/academic-projects/java_proj/myWiki)
2023-05-09 00:17:54.703 INFO  com.kj.mywiki.MyWikiApplication                   :632  [32m                  [0;39m No active profile set, falling back to 1 default profile: "default"
2023-05-09 00:17:55.009 INFO  o.s.boot.web.embedded.tomcat.TomcatWebServer      :108  [32m                  [0;39m Tomcat initialized with port(s): 8080 (http)
2023-05-09 00:17:55.012 INFO  org.apache.coyote.http11.Http11NioProtocol        :173  [32m                  [0;39m Initializing ProtocolHandler ["http-nio-8080"]
2023-05-09 00:17:55.013 INFO  org.apache.catalina.core.StandardService          :173  [32m                  [0;39m Starting service [Tomcat]
2023-05-09 00:17:55.013 INFO  org.apache.catalina.core.StandardEngine           :173  [32m                  [0;39m Starting Servlet engine: [Apache Tomcat/10.1.8]
2023-05-09 00:17:55.044 INFO  o.a.c.core.ContainerBase.[Tomcat].[localhost].[/] :173  [32m                  [0;39m Initializing Spring embedded WebApplicationContext
2023-05-09 00:17:55.045 INFO  o.s.b.w.s.c.ServletWebServerApplicationContext    :291  [32m                  [0;39m Root WebApplicationContext: initialization completed in 326 ms
2023-05-09 00:17:55.171 INFO  org.apache.coyote.http11.Http11NioProtocol        :173  [32m                  [0;39m Starting ProtocolHandler ["http-nio-8080"]
2023-05-09 00:17:55.185 INFO  o.s.boot.web.embedded.tomcat.TomcatWebServer      :220  [32m                  [0;39m Tomcat started on port(s): 8080 (http) with context path ''
2023-05-09 00:17:55.189 INFO  com.kj.mywiki.MyWikiApplication                   :57   [32m                  [0;39m Started MyWikiApplication in 0.654 seconds (process running for 1.096)
